2025-08-23T09:12:29.1901870Z,Updating submodules.,ead32ca0-0797-4a64-bd3a-55ef435b3ac8,0
2025-08-23T09:12:30.3151028Z,Preparing deployment for commit id 'b322e0b2-9'.,2cfd83a8-5f05-469f-a697-3569baaca8a0,0
2025-08-23T09:12:30.6160509Z,PreDeployment: context.CleanOutputPath False,edd4f912-9717-4052-8a46-5b97758f2558,0
2025-08-23T09:12:30.7437838Z,PreDeployment: context.OutputPath /home/site/wwwroot,4333c2aa-328a-4c8e-baa6-22f14cd3abda,0
2025-08-23T09:12:30.9048368Z,Running build. Project type: OneDeploy,754f2f9e-cbad-4f50-960d-0ddaf879f730,0
2025-08-23T09:12:31.0197236Z,Copying the manifest,a2d3cace-24ae-4422-ae03-ef727bf14245,0
2025-08-23T09:12:31.2385182Z,Running deployment command...,6285db0b-4146-4e77-8248-7229eedaf96d,0
	2025-08-23T09:12:31.2535840Z,Command: /opt/Kudu/Scripts/parallel_rsync.sh /tmp/zipdeploy/extracted /home/site/wwwroot 8 /tmp/ False False  ,,0
	2025-08-23T09:12:31.4370093Z,Run rsync from: /tmp/zipdeploy/extracted/ to: /home/site/wwwroot/ in 8 parallel threads,,0
	2025-08-23T09:12:31.4942640Z,Delete options: clean=False&comma; use manifest=False&comma; directory to ignore=,,0
	2025-08-23T09:12:31.5598018Z,Prev manifest = /home/site/deployments/641ba1e7-e5af-4284-aefd-4a2da309c76a/manifest and next /home/site/deployments/b322e0b2-997b-445e-ae22-e9c969f28a75/manifest,,0
	2025-08-23T09:12:31.6736548Z,Cleaning up /tmp//filelist.txt and /tmp//splits,,0
	2025-08-23T09:12:31.7817634Z,Creating a list of all files at /tmp//filelist.txt,,0
	2025-08-23T09:12:31.8823513Z,No directory to exclude.,,0
	2025-08-23T09:12:32.0208854Z,Created /tmp//filelist.txt. Total number of files to be synced = 14.,,0
	2025-08-23T09:12:32.1451740Z,Created batches from the list of files. Processing 2 files in each thread,,0
	2025-08-23T09:12:32.2437030Z,Running rsync for filelist /tmp//splits/split.aa from /tmp/zipdeploy/extracted/ to /home/site/wwwroot/,,0
	2025-08-23T09:12:32.2834557Z,Running rsync for filelist /tmp//splits/split.ab from /tmp/zipdeploy/extracted/ to /home/site/wwwroot/,,0
	2025-08-23T09:12:32.3259165Z,Running rsync for filelist /tmp//splits/split.ac from /tmp/zipdeploy/extracted/ to /home/site/wwwroot/,,0
	2025-08-23T09:12:32.3925703Z,Running rsync for filelist /tmp//splits/split.ad from /tmp/zipdeploy/extracted/ to /home/site/wwwroot/,,0
	2025-08-23T09:12:32.4213975Z,Running rsync for filelist /tmp//splits/split.ae from /tmp/zipdeploy/extracted/ to /home/site/wwwroot/,,0
	2025-08-23T09:12:32.4604272Z,Running rsync for filelist /tmp//splits/split.ag from /tmp/zipdeploy/extracted/ to /home/site/wwwroot/,,0
	2025-08-23T09:12:32.4830577Z,Running rsync for filelist /tmp//splits/split.af from /tmp/zipdeploy/extracted/ to /home/site/wwwroot/,,0
	2025-08-23T09:12:32.5065148Z,,,0
	2025-08-23T09:12:32.5406960Z,Number of files: 2 (reg: 2),,0
	2025-08-23T09:12:32.5554465Z,Number of created files: 0,,0
	2025-08-23T09:12:32.5745345Z,Number of deleted files: 0,,0
	2025-08-23T09:12:32.6282972Z,Number of regular files transferred: 0,,0
	2025-08-23T09:12:32.6493435Z,Total file size: 5.33K bytes,,0
	2025-08-23T09:12:32.6689801Z,Total transferred file size: 0 bytes,,0
	2025-08-23T09:12:32.6932075Z,Literal data: 0 bytes,,0
	2025-08-23T09:12:32.7137864Z,Matched data: 0 bytes,,0
	2025-08-23T09:12:32.7329336Z,File list size: 0,,0
	2025-08-23T09:12:32.7817090Z,File list generation time: 0.001 seconds,,0
	2025-08-23T09:12:32.8031386Z,File list transfer time: 0.000 seconds,,0
	2025-08-23T09:12:32.8223196Z,Total bytes sent: 169,,0
	2025-08-23T09:12:32.8434166Z,Total bytes received: 22,,0
	2025-08-23T09:12:32.8596844Z,,,0
	2025-08-23T09:12:32.8779436Z,sent 169 bytes  received 22 bytes  127.33 bytes/sec,,0
	2025-08-23T09:12:32.9000574Z,total size is 5.33K  speedup is 27.92,,0
	2025-08-23T09:12:32.9192644Z,Attempt 1: Rsync for filelist /tmp//splits/split.ad completed with exit code 0,,0
	2025-08-23T09:12:32.9443839Z,,,0
	2025-08-23T09:12:32.9558411Z,Number of files: 2 (reg: 2),,0
	2025-08-23T09:12:32.9758603Z,Number of created files: 0,,0
	2025-08-23T09:12:32.9953593Z,Number of deleted files: 0,,0
	2025-08-23T09:12:33.0226562Z,Number of regular files transferred: 0,,0
	2025-08-23T09:12:33.1099182Z,Total file size: 5.79K bytes,,0
	2025-08-23T09:12:33.1327081Z,Total transferred file size: 0 bytes,,0
	2025-08-23T09:12:33.1534082Z,Literal data: 0 bytes,,0
	2025-08-23T09:12:33.1741366Z,Matched data: 0 bytes,,0
	2025-08-23T09:12:33.2012584Z,File list size: 0,,0
	2025-08-23T09:12:33.2153383Z,File list generation time: 0.010 seconds,,0
	2025-08-23T09:12:33.2351398Z,File list transfer time: 0.000 seconds,,0
	2025-08-23T09:12:33.2521325Z,Total bytes sent: 161,,0
	2025-08-23T09:12:33.2736802Z,Total bytes received: 22,,0
	2025-08-23T09:12:33.2918955Z,,,0
	2025-08-23T09:12:33.3015296Z,sent 161 bytes  received 22 bytes  122.00 bytes/sec,,0
	2025-08-23T09:12:33.3318952Z,total size is 5.79K  speedup is 31.63,,0
	2025-08-23T09:12:33.3766945Z,,,0
	2025-08-23T09:12:33.4166566Z,Number of files: 2 (reg: 2),,0
	2025-08-23T09:12:33.4569690Z,Number of created files: 0,,0
	2025-08-23T09:12:33.4767228Z,Number of deleted files: 0,,0
	2025-08-23T09:12:33.4962098Z,Number of regular files transferred: 0,,0
	2025-08-23T09:12:33.5089730Z,Total file size: 1.05K bytes,,0
	2025-08-23T09:12:33.5354286Z,Total transferred file size: 0 bytes,,0
	2025-08-23T09:12:33.5562038Z,Literal data: 0 bytes,,0
	2025-08-23T09:12:33.5751842Z,Matched data: 0 bytes,,0
	2025-08-23T09:12:33.5934670Z,File list size: 0,,0
	2025-08-23T09:12:33.6108992Z,File list generation time: 0.001 seconds,,0
	2025-08-23T09:12:33.6241150Z,File list transfer time: 0.000 seconds,,0
	2025-08-23T09:12:33.6405402Z,Total bytes sent: 158,,0
	2025-08-23T09:12:33.6641847Z,Total bytes received: 22,,0
	2025-08-23T09:12:33.6784471Z,,,0
	2025-08-23T09:12:33.6911607Z,sent 158 bytes  received 22 bytes  120.00 bytes/sec,,0
	2025-08-23T09:12:33.7028782Z,total size is 1.05K  speedup is 5.85,,0
	2025-08-23T09:12:33.7198010Z,,,0
	2025-08-23T09:12:33.7351909Z,Number of files: 3 (reg: 2&comma; dir: 1),,0
	2025-08-23T09:12:33.7488672Z,Number of created files: 0,,0
	2025-08-23T09:12:33.7688440Z,Number of deleted files: 0,,0
	2025-08-23T09:12:33.7898313Z,Number of regular files transferred: 0,,0
	2025-08-23T09:12:33.8065311Z,Total file size: 30.10K bytes,,0
	2025-08-23T09:12:33.8285527Z,Total transferred file size: 0 bytes,,0
	2025-08-23T09:12:33.8498154Z,Literal data: 0 bytes,,0
	2025-08-23T09:12:33.8676058Z,Matched data: 0 bytes,,0
	2025-08-23T09:12:33.8929200Z,File list size: 0,,0
	2025-08-23T09:12:33.9169472Z,File list generation time: 0.001 seconds,,0
	2025-08-23T09:12:33.9304715Z,File list transfer time: 0.000 seconds,,0
	2025-08-23T09:12:33.9690764Z,Total bytes sent: 168,,0
	2025-08-23T09:12:34.0262362Z,Total bytes received: 25,,0
	2025-08-23T09:12:34.1124946Z,,,0
	2025-08-23T09:12:34.1490671Z,sent 168 bytes  received 25 bytes  128.67 bytes/sec,,0
	2025-08-23T09:12:34.1610801Z,total size is 30.10K  speedup is 155.94,,0
	2025-08-23T09:12:34.1822159Z,Attempt 1: Rsync for filelist /tmp//splits/split.ag completed with exit code 0,,0
	2025-08-23T09:12:34.1964241Z,Attempt 1: Rsync for filelist /tmp//splits/split.ab completed with exit code 0,,0
	2025-08-23T09:12:34.2111587Z,Attempt 1: Rsync for filelist /tmp//splits/split.ac completed with exit code 0,,0
	2025-08-23T09:12:34.2225918Z,,,0
	2025-08-23T09:12:34.2341294Z,Number of files: 2 (reg: 2),,0
	2025-08-23T09:12:34.2951126Z,Number of created files: 0,,0
	2025-08-23T09:12:34.3286785Z,Number of deleted files: 0,,0
	2025-08-23T09:12:34.3524919Z,Number of regular files transferred: 0,,0
	2025-08-23T09:12:34.3718144Z,Total file size: 9.36K bytes,,0
	2025-08-23T09:12:34.3882033Z,Total transferred file size: 0 bytes,,0
	2025-08-23T09:12:34.4089680Z,Literal data: 0 bytes,,0
	2025-08-23T09:12:34.4334082Z,Matched data: 0 bytes,,0
	2025-08-23T09:12:34.4527133Z,File list size: 0,,0
	2025-08-23T09:12:34.5036781Z,File list generation time: 0.001 seconds,,0
	2025-08-23T09:12:34.5181988Z,File list transfer time: 0.000 seconds,,0
	2025-08-23T09:12:34.5312109Z,Total bytes sent: 130,,0
	2025-08-23T09:12:34.5447415Z,Total bytes received: 22,,0
	2025-08-23T09:12:34.5585829Z,,,0
	2025-08-23T09:12:34.5692149Z,sent 130 bytes  received 22 bytes  101.33 bytes/sec,,0
	2025-08-23T09:12:34.5898661Z,total size is 9.36K  speedup is 61.55,,0
	2025-08-23T09:12:34.6318604Z,,,0
	2025-08-23T09:12:34.6496502Z,Number of files: 2 (reg: 2),,0
	2025-08-23T09:12:34.6697080Z,Number of created files: 0,,0
	2025-08-23T09:12:34.6856174Z,Number of deleted files: 0,,0
	2025-08-23T09:12:34.7033944Z,Number of regular files transferred: 0,,0
	2025-08-23T09:12:34.7240430Z,Total file size: 2.38K bytes,,0
	2025-08-23T09:12:34.7451209Z,Total transferred file size: 0 bytes,,0
	2025-08-23T09:12:34.7628041Z,Literal data: 0 bytes,,0
	2025-08-23T09:12:34.7904779Z,Matched data: 0 bytes,,0
	2025-08-23T09:12:34.8091880Z,File list size: 0,,0
	2025-08-23T09:12:34.8297451Z,File list generation time: 0.001 seconds,,0
	2025-08-23T09:12:34.8470655Z,File list transfer time: 0.000 seconds,,0
	2025-08-23T09:12:34.8685537Z,Total bytes sent: 136,,0
	2025-08-23T09:12:34.8887087Z,Total bytes received: 22,,0
	2025-08-23T09:12:34.9143531Z,,,0
	2025-08-23T09:12:34.9249965Z,sent 136 bytes  received 22 bytes  105.33 bytes/sec,,0
	2025-08-23T09:12:34.9413360Z,total size is 2.38K  speedup is 15.05,,0
	2025-08-23T09:12:34.9631328Z,Attempt 1: Rsync for filelist /tmp//splits/split.aa completed with exit code 0,,0
	2025-08-23T09:12:34.9855035Z,Attempt 1: Rsync for filelist /tmp//splits/split.ae completed with exit code 0,,0
	2025-08-23T09:12:35.0031461Z,,,0
	2025-08-23T09:12:35.0219727Z,Number of files: 2 (reg: 2),,0
	2025-08-23T09:12:35.2411276Z,Number of created files: 0,,0
	2025-08-23T09:12:35.2655001Z,Number of deleted files: 0,,0
	2025-08-23T09:12:35.2946941Z,Number of regular files transferred: 1,,0
	2025-08-23T09:12:35.3395529Z,Total file size: 52.36K bytes,,0
	2025-08-23T09:12:35.3566261Z,Total transferred file size: 50.25K bytes,,0
	2025-08-23T09:12:35.3818151Z,Literal data: 50.25K bytes,,0
	2025-08-23T09:12:35.3950351Z,Matched data: 0 bytes,,0
	2025-08-23T09:12:35.4180397Z,File list size: 0,,0
	2025-08-23T09:12:35.4358688Z,File list generation time: 0.001 seconds,,0
	2025-08-23T09:12:35.4533818Z,File list transfer time: 0.000 seconds,,0
	2025-08-23T09:12:35.4782153Z,Total bytes sent: 11.40K,,0
	2025-08-23T09:12:35.4982057Z,Total bytes received: 38,,0
	2025-08-23T09:12:35.5117771Z,,,0
	2025-08-23T09:12:35.5246192Z,sent 11.40K bytes  received 38 bytes  22.89K bytes/sec,,0
	2025-08-23T09:12:35.5426164Z,total size is 52.36K  speedup is 4.58,,0
	2025-08-23T09:12:35.5611443Z,Attempt 1: Rsync for filelist /tmp//splits/split.af completed with exit code 0,,0
	2025-08-23T09:12:35.5799981Z,Completed successfully in 1 seconds,,0
2025-08-23T09:12:35.7230423Z,Build completed succesfully.,054273f1-ff2c-4890-b2c2-8c74a70f7e47,0
2025-08-23T09:12:35.8511644Z,Running post deployment command(s)...,c591eba3-9441-40fb-b3cd-5075816e5a3c,0
2025-08-23T09:12:35.9925287Z,Triggering container recycle for OneDeploy by adding/updating restartTrigger.txt to the site root path,54625b41-7f48-4694-ba34-f5574fea6fe1,0
2025-08-23T09:12:36.1989140Z,Deployment successful. deployer = OneDeploy deploymentPath = OneDeploy,6ef35c7b-d48a-465d-b947-797f112ab883,0
