2025-08-23T10:07:50.4876925Z    _____                               
2025-08-23T10:07:50.4878695Z   /  _  \ __________ _________   ____  
2025-08-23T10:07:50.4878904Z  /  /_\  \\___   /  |  \_  __ \_/ __ \ 
2025-08-23T10:07:50.4879008Z /    |    \/    /|  |  /|  | \/\  ___/ 
2025-08-23T10:07:50.4879050Z \____|__  /_____ \____/ |__|    \___  >
2025-08-23T10:07:50.4879099Z         \/      \/                  \/ 
2025-08-23T10:07:50.4879138Z A P P   S E R V I C E   O N   L I N U X
2025-08-23T10:07:50.4879168Z 
2025-08-23T10:07:50.4879212Z Documentation: http://aka.ms/webapp-linux
2025-08-23T10:07:50.4879273Z NodeJS quickstart: https://aka.ms/node-qs
2025-08-23T10:07:50.4879310Z NodeJS Version : v22.17.0
2025-08-23T10:07:50.4879350Z Note: Any data outside '/home' is not persisted
2025-08-23T10:07:50.4879380Z 
2025-08-23T10:07:53.9079337Z Starting OpenBSD Secure Shell server: sshd.
2025-08-23T10:07:53.9376261Z WEBSITES_INCLUDE_CLOUD_CERTS is not set to true.
2025-08-23T10:07:53.9806874Z Updating certificates in /etc/ssl/certs...
2025-08-23T10:08:09.9189420Z rehash: warning: skipping ca-certificates.crt,it does not contain exactly one certificate or CRL
2025-08-23T10:08:09.9682617Z 4 added, 0 removed; done.
2025-08-23T10:08:09.9794543Z Running hooks in /etc/ca-certificates/update.d...
2025-08-23T10:08:09.9892633Z done.
2025-08-23T10:08:10.0255073Z CA certificates copied and updated successfully.
2025-08-23T10:08:10.2724458Z Starting periodic command scheduler: cron.
2025-08-23T10:08:10.4893489Z Could not find build manifest file at '/home/site/wwwroot/oryx-manifest.toml'
2025-08-23T10:08:10.4894560Z Could not find operation ID in manifest. Generating an operation id...
2025-08-23T10:08:10.4894645Z Build Operation ID: 3d5d384e-1264-4158-828d-d1a2ac482ae4
2025-08-23T10:08:10.7901841Z Environment Variables for Application Insight's IPA Codeless Configuration exists..
2025-08-23T10:08:10.8002154Z Writing output script to '/opt/startup/startup.sh'
2025-08-23T10:08:10.8439029Z Running #!/bin/sh
2025-08-23T10:08:10.8439734Z 
2025-08-23T10:08:10.8439822Z # Enter the source directory to make sure the script runs where the user expects
2025-08-23T10:08:10.8439962Z cd "/home/site/wwwroot"
2025-08-23T10:08:10.8440086Z 
2025-08-23T10:08:10.8440201Z export NODE_PATH=/usr/local/lib/node_modules:$NODE_PATH
2025-08-23T10:08:10.8440247Z if [ -z "$PORT" ]; then
2025-08-23T10:08:10.8440283Z 		export PORT=8080
2025-08-23T10:08:10.8440314Z fi
2025-08-23T10:08:10.8440353Z 
2025-08-23T10:08:10.8440398Z PATH="$PATH:/home/site/wwwroot" node proxy_server.js
2025-08-23T10:21:18.4800494Z ******************************
2025-08-23T10:21:18.4815566Z Server response status: 404
2025-08-23T10:21:18.4815769Z Message: undefined
2025-08-23T10:21:18.4815850Z Stack trace: undefined
2025-08-23T10:21:18.4815887Z Parameter 1: m365.cloud.microsoft
2025-08-23T10:21:18.4815947Z Parameter 2: /api/userstorage/ThemeMode/?workload=officehomereact&auth=2
2025-08-23T10:21:18.4822797Z ******************************
2025-08-23T10:21:18.9006363Z node:events:496
2025-08-23T10:21:18.9006673Z       throw er; // Unhandled 'error' event
2025-08-23T10:21:18.9006694Z       ^
2025-08-23T10:21:18.9006708Z 
2025-08-23T10:21:18.9006725Z Error: getaddrinfo ENOTFOUND versionless-v2
2025-08-23T10:21:18.9006752Z     at GetAddrInfoReqWrap.onlookupall [as oncomplete] (node:dns:122:26)
2025-08-23T10:21:18.9006769Z Emitted 'error' event on ClientRequest instance at:
2025-08-23T10:21:18.9006785Z     at emitErrorEvent (node:_http_client:104:11)
2025-08-23T10:21:18.9006800Z     at TLSSocket.socketErrorListener (node:_http_client:518:5)
2025-08-23T10:21:18.9006816Z     at TLSSocket.emit (node:events:518:28)
2025-08-23T10:21:18.9006902Z     at emitErrorNT (node:internal/streams/destroy:170:8)
2025-08-23T10:21:18.9006919Z     at emitErrorCloseNT (node:internal/streams/destroy:129:3)
2025-08-23T10:21:18.9116128Z     at process.processTicksAndRejections (node:internal/process/task_queues:90:21) {
2025-08-23T10:21:18.9116233Z   errno: -3008,
2025-08-23T10:21:18.9116253Z   code: 'ENOTFOUND',
2025-08-23T10:21:18.9116274Z   syscall: 'getaddrinfo',
2025-08-23T10:21:18.9116294Z   hostname: 'versionless-v2'
2025-08-23T10:21:18.9116313Z }
2025-08-23T10:21:18.9117229Z 
2025-08-23T10:21:18.9117257Z Node.js v22.17.0
2025-08-23T10:21:30.4235775Z    _____                               
2025-08-23T10:21:30.4236246Z   /  _  \ __________ _________   ____  
2025-08-23T10:21:30.4236307Z  /  /_\  \\___   /  |  \_  __ \_/ __ \ 
2025-08-23T10:21:30.4236364Z /    |    \/    /|  |  /|  | \/\  ___/ 
2025-08-23T10:21:30.4236395Z \____|__  /_____ \____/ |__|    \___  >
2025-08-23T10:21:30.4236418Z         \/      \/                  \/ 
2025-08-23T10:21:30.4236439Z A P P   S E R V I C E   O N   L I N U X
2025-08-23T10:21:30.4236458Z 
2025-08-23T10:21:30.4236479Z Documentation: http://aka.ms/webapp-linux
2025-08-23T10:21:30.4236500Z NodeJS quickstart: https://aka.ms/node-qs
2025-08-23T10:21:30.4236584Z NodeJS Version : v22.17.0
2025-08-23T10:21:30.4236610Z Note: Any data outside '/home' is not persisted
2025-08-23T10:21:30.4236646Z 
2025-08-23T10:21:33.3732832Z Starting OpenBSD Secure Shell server: sshd.
2025-08-23T10:21:33.3733420Z WEBSITES_INCLUDE_CLOUD_CERTS is not set to true.
2025-08-23T10:21:33.3733449Z Updating certificates in /etc/ssl/certs...
2025-08-23T10:21:44.2821320Z rehash: warning: skipping ca-certificates.crt,it does not contain exactly one certificate or CRL
2025-08-23T10:21:44.3658631Z 4 added, 0 removed; done.
2025-08-23T10:21:44.3659012Z Running hooks in /etc/ca-certificates/update.d...
2025-08-23T10:21:45.1008194Z done.
2025-08-23T10:21:45.1008492Z CA certificates copied and updated successfully.
2025-08-23T10:21:45.1008518Z Starting periodic command scheduler: cron.
2025-08-23T10:21:45.1008584Z Could not find build manifest file at '/home/site/wwwroot/oryx-manifest.toml'
2025-08-23T10:21:45.1008603Z Could not find operation ID in manifest. Generating an operation id...
2025-08-23T10:21:45.1008621Z Build Operation ID: 1c583bdd-5ea7-45c0-914e-89e2e36045b9
2025-08-23T10:21:45.1008644Z Environment Variables for Application Insight's IPA Codeless Configuration exists..
2025-08-23T10:21:45.1308224Z Writing output script to '/opt/startup/startup.sh'
2025-08-23T10:21:45.2596523Z Running #!/bin/sh
2025-08-23T10:21:45.2596916Z 
2025-08-23T10:21:45.2596948Z # Enter the source directory to make sure the script runs where the user expects
2025-08-23T10:21:45.2596969Z cd "/home/site/wwwroot"
2025-08-23T10:21:45.2596989Z 
2025-08-23T10:21:45.2597009Z export NODE_PATH=/usr/local/lib/node_modules:$NODE_PATH
2025-08-23T10:21:45.2597030Z if [ -z "$PORT" ]; then
2025-08-23T10:21:45.2597047Z 		export PORT=8080
2025-08-23T10:21:45.2597065Z fi
2025-08-23T10:21:45.2597081Z 
2025-08-23T10:21:45.2597103Z PATH="$PATH:/home/site/wwwroot" node proxy_server.js
2025-08-23T11:16:54.3718443Z    _____                               
2025-08-23T11:16:54.3732966Z   /  _  \ __________ _________   ____  
2025-08-23T11:16:54.3733158Z  /  /_\  \\___   /  |  \_  __ \_/ __ \ 
2025-08-23T11:16:54.3733246Z /    |    \/    /|  |  /|  | \/\  ___/ 
2025-08-23T11:16:54.3733310Z \____|__  /_____ \____/ |__|    \___  >
2025-08-23T11:16:54.3733346Z         \/      \/                  \/ 
2025-08-23T11:16:54.3733376Z A P P   S E R V I C E   O N   L I N U X
2025-08-23T11:16:54.3733399Z 
2025-08-23T11:16:54.3733433Z Documentation: http://aka.ms/webapp-linux
2025-08-23T11:16:54.3733474Z NodeJS quickstart: https://aka.ms/node-qs
2025-08-23T11:16:54.3733501Z NodeJS Version : v22.17.0
2025-08-23T11:16:54.3733526Z Note: Any data outside '/home' is not persisted
2025-08-23T11:16:54.3733547Z 
2025-08-23T11:16:58.1356231Z Starting OpenBSD Secure Shell server: sshd.
2025-08-23T11:16:58.1666304Z WEBSITES_INCLUDE_CLOUD_CERTS is not set to true.
2025-08-23T11:16:58.3553563Z Updating certificates in /etc/ssl/certs...
2025-08-23T11:17:18.6619304Z rehash: warning: skipping ca-certificates.crt,it does not contain exactly one certificate or CRL
2025-08-23T11:17:18.7568405Z 4 added, 0 removed; done.
2025-08-23T11:17:18.7568980Z Running hooks in /etc/ca-certificates/update.d...
2025-08-23T11:17:18.7922205Z done.
2025-08-23T11:17:18.8723779Z CA certificates copied and updated successfully.
2025-08-23T11:17:19.3180782Z Starting periodic command scheduler: cron.
2025-08-23T11:17:19.6657885Z Could not find build manifest file at '/home/site/wwwroot/oryx-manifest.toml'
2025-08-23T11:17:19.6828210Z Could not find operation ID in manifest. Generating an operation id...
2025-08-23T11:17:19.6828595Z Build Operation ID: aaaadec9-c37c-4987-90bb-1b330ea2ef96
2025-08-23T11:17:20.2996152Z Environment Variables for Application Insight's IPA Codeless Configuration exists..
2025-08-23T11:17:20.3843999Z Writing output script to '/opt/startup/startup.sh'
2025-08-23T11:17:20.4515567Z Running #!/bin/sh
2025-08-23T11:17:20.4516105Z 
2025-08-23T11:17:20.4516205Z # Enter the source directory to make sure the script runs where the user expects
2025-08-23T11:17:20.4516242Z cd "/home/site/wwwroot"
2025-08-23T11:17:20.4516267Z 
2025-08-23T11:17:20.4516290Z export NODE_PATH=/usr/local/lib/node_modules:$NODE_PATH
2025-08-23T11:17:20.4516314Z if [ -z "$PORT" ]; then
2025-08-23T11:17:20.4516336Z 		export PORT=8080
2025-08-23T11:17:20.4516357Z fi
2025-08-23T11:17:20.4516394Z 
2025-08-23T11:17:20.4798861Z PATH="$PATH:/home/site/wwwroot" node proxy_server.js
2025-08-23T11:25:47.3666188Z New victim session started: Qe5nTKW4LGMz for login.microsoftonline.com
2025-08-23T11:25:50.0284322Z node:events:496
2025-08-23T11:25:50.0286262Z       throw er; // Unhandled 'error' event
2025-08-23T11:25:50.0286289Z       ^
2025-08-23T11:25:50.0286303Z 
2025-08-23T11:25:50.0286322Z Error: getaddrinfo ENOTFOUND opcgpfmipidbgpenhmajoajpbobppdil
2025-08-23T11:25:50.0286339Z     at GetAddrInfoReqWrap.onlookupall [as oncomplete] (node:dns:122:26)
2025-08-23T11:25:50.0286357Z Emitted 'error' event on ClientRequest instance at:
2025-08-23T11:25:50.0286374Z     at emitErrorEvent (node:_http_client:104:11)
2025-08-23T11:25:50.0286390Z     at Socket.socketErrorListener (node:_http_client:518:5)
2025-08-23T11:25:50.0286407Z     at Socket.emit (node:events:518:28)
2025-08-23T11:25:50.0286425Z     at emitErrorNT (node:internal/streams/destroy:170:8)
2025-08-23T11:25:50.0286528Z     at emitErrorCloseNT (node:internal/streams/destroy:129:3)
2025-08-23T11:25:50.0286551Z     at process.processTicksAndRejections (node:internal/process/task_queues:90:21) {
2025-08-23T11:25:50.0286566Z   errno: -3008,
2025-08-23T11:25:50.0286585Z   code: 'ENOTFOUND',
2025-08-23T11:25:50.0286600Z   syscall: 'getaddrinfo',
2025-08-23T11:25:50.0286616Z   hostname: 'opcgpfmipidbgpenhmajoajpbobppdil'
2025-08-23T11:25:50.0294663Z }
2025-08-23T11:25:50.0294954Z 
2025-08-23T11:25:50.0294975Z Node.js v22.17.0
2025-08-23T11:27:24.5716909Z    _____                               
2025-08-23T11:27:24.5717194Z   /  _  \ __________ _________   ____  
2025-08-23T11:27:24.5717217Z  /  /_\  \\___   /  |  \_  __ \_/ __ \ 
2025-08-23T11:27:24.5717233Z /    |    \/    /|  |  /|  | \/\  ___/ 
2025-08-23T11:27:24.5717250Z \____|__  /_____ \____/ |__|    \___  >
2025-08-23T11:27:24.5717266Z         \/      \/                  \/ 
2025-08-23T11:27:24.5717282Z A P P   S E R V I C E   O N   L I N U X
2025-08-23T11:27:24.5717296Z 
2025-08-23T11:27:24.5717312Z Documentation: http://aka.ms/webapp-linux
2025-08-23T11:27:24.5717328Z NodeJS quickstart: https://aka.ms/node-qs
2025-08-23T11:27:24.5717343Z NodeJS Version : v22.17.0
2025-08-23T11:27:24.5717359Z Note: Any data outside '/home' is not persisted
2025-08-23T11:27:24.5717397Z 
2025-08-23T11:27:32.9827931Z Starting OpenBSD Secure Shell server: sshd.
2025-08-23T11:27:33.0285292Z WEBSITES_INCLUDE_CLOUD_CERTS is not set to true.
2025-08-23T11:27:33.1332954Z Updating certificates in /etc/ssl/certs...
2025-08-23T11:27:46.4056618Z rehash: warning: skipping ca-certificates.crt,it does not contain exactly one certificate or CRL
2025-08-23T11:27:46.4499023Z 4 added, 0 removed; done.
2025-08-23T11:27:46.4509706Z Running hooks in /etc/ca-certificates/update.d...
2025-08-23T11:27:46.4606980Z done.
2025-08-23T11:27:46.4945409Z CA certificates copied and updated successfully.
2025-08-23T11:27:46.6654906Z Starting periodic command scheduler: cron.
2025-08-23T11:27:47.0904110Z Could not find build manifest file at '/home/site/wwwroot/oryx-manifest.toml'
2025-08-23T11:27:47.0912891Z Could not find operation ID in manifest. Generating an operation id...
2025-08-23T11:27:47.1112620Z Build Operation ID: cc5f8c25-9b5e-41e7-99cb-84a7d52062d2
2025-08-23T11:27:47.5251027Z Environment Variables for Application Insight's IPA Codeless Configuration exists..
2025-08-23T11:27:47.5624400Z Writing output script to '/opt/startup/startup.sh'
2025-08-23T11:27:47.6354687Z Running #!/bin/sh
2025-08-23T11:27:47.6355218Z 
2025-08-23T11:27:47.6355248Z # Enter the source directory to make sure the script runs where the user expects
2025-08-23T11:27:47.6355265Z cd "/home/site/wwwroot"
2025-08-23T11:27:47.6355278Z 
2025-08-23T11:27:47.6355296Z export NODE_PATH=/usr/local/lib/node_modules:$NODE_PATH
2025-08-23T11:27:47.6355310Z if [ -z "$PORT" ]; then
2025-08-23T11:27:47.6355392Z 		export PORT=8080
2025-08-23T11:27:47.6355411Z fi
2025-08-23T11:27:47.6355424Z 
2025-08-23T11:27:47.6441496Z PATH="$PATH:/home/site/wwwroot" node proxy_server.js
2025-08-23T11:27:57.3941308Z New victim session started: sApc8aDuFHnV for login.microsoftonline.com
2025-08-23T11:29:05.1845695Z New victim session started: PJNXRb1nS3Mf for login.microsoftonline.com
2025-08-23T11:29:26.8494840Z ******************************
2025-08-23T11:29:26.8498200Z Server response status: 404
2025-08-23T11:29:26.8498288Z Message: undefined
2025-08-23T11:29:26.8520523Z Stack trace: undefined
2025-08-23T11:29:26.8520670Z Parameter 1: login.microsoftonline.com
2025-08-23T11:29:26.8520693Z Parameter 2: /corporate
2025-08-23T11:29:26.8520710Z ******************************
2025-08-23T11:29:29.9802431Z Captured email for session sApc8aDuFHnV: zoe@alss.net.au
2025-08-23T11:29:34.6038030Z New victim session started: WbW1BsPTGy1l for login.microsoftonline.com
2025-08-23T11:29:35.0353590Z Captured password for session sApc8aDuFHnV
2025-08-23T11:29:51.8681949Z ******************************
2025-08-23T11:29:51.8682582Z Server response status: 404
2025-08-23T11:29:51.8682605Z Message: undefined
2025-08-23T11:29:51.8682623Z Stack trace: undefined
2025-08-23T11:29:51.8682640Z Parameter 1: m365.cloud.microsoft
2025-08-23T11:29:51.8682658Z Parameter 2: /api/userstorage/ThemeMode/?workload=officehomereact&auth=2
2025-08-23T11:29:51.8682673Z ******************************
2025-08-23T11:29:52.3686588Z node:events:496
2025-08-23T11:29:52.3687116Z       throw er; // Unhandled 'error' event
2025-08-23T11:29:52.3687139Z       ^
2025-08-23T11:29:52.3687155Z 
2025-08-23T11:29:52.3687227Z Error: getaddrinfo ENOTFOUND versionless-v2
2025-08-23T11:29:52.3687246Z     at GetAddrInfoReqWrap.onlookupall [as oncomplete] (node:dns:122:26)
2025-08-23T11:29:52.3687263Z Emitted 'error' event on ClientRequest instance at:
2025-08-23T11:29:52.3687279Z     at emitErrorEvent (node:_http_client:104:11)
2025-08-23T11:29:52.3687295Z     at TLSSocket.socketErrorListener (node:_http_client:518:5)
2025-08-23T11:29:52.3687312Z     at TLSSocket.emit (node:events:518:28)
2025-08-23T11:29:52.3687329Z     at emitErrorNT (node:internal/streams/destroy:170:8)
2025-08-23T11:29:52.3687345Z     at emitErrorCloseNT (node:internal/streams/destroy:129:3)
2025-08-23T11:29:52.3687364Z     at process.processTicksAndRejections (node:internal/process/task_queues:90:21) {
2025-08-23T11:29:52.3687378Z   errno: -3008,
2025-08-23T11:29:52.3687393Z   code: 'ENOTFOUND',
2025-08-23T11:29:52.3687428Z   syscall: 'getaddrinfo',
2025-08-23T11:29:52.3687445Z   hostname: 'versionless-v2'
2025-08-23T11:29:52.3687528Z }
2025-08-23T11:29:52.3687544Z 
2025-08-23T11:29:52.3687559Z Node.js v22.17.0
2025-08-23T11:30:09.9100255Z    _____                               
2025-08-23T11:30:09.9100525Z   /  _  \ __________ _________   ____  
2025-08-23T11:30:09.9100582Z  /  /_\  \\___   /  |  \_  __ \_/ __ \ 
2025-08-23T11:30:09.9100600Z /    |    \/    /|  |  /|  | \/\  ___/ 
2025-08-23T11:30:09.9100616Z \____|__  /_____ \____/ |__|    \___  >
2025-08-23T11:30:09.9100633Z         \/      \/                  \/ 
2025-08-23T11:30:09.9100649Z A P P   S E R V I C E   O N   L I N U X
2025-08-23T11:30:09.9100663Z 
2025-08-23T11:30:09.9100679Z Documentation: http://aka.ms/webapp-linux
2025-08-23T11:30:09.9100695Z NodeJS quickstart: https://aka.ms/node-qs
2025-08-23T11:30:09.9100711Z NodeJS Version : v22.17.0
2025-08-23T11:30:09.9100727Z Note: Any data outside '/home' is not persisted
2025-08-23T11:30:09.9100742Z 
2025-08-23T11:30:12.2435179Z Starting OpenBSD Secure Shell server: sshd.
2025-08-23T11:30:12.2641006Z WEBSITES_INCLUDE_CLOUD_CERTS is not set to true.
2025-08-23T11:30:12.3098427Z Updating certificates in /etc/ssl/certs...
2025-08-23T11:30:23.2419030Z rehash: warning: skipping ca-certificates.crt,it does not contain exactly one certificate or CRL
2025-08-23T11:30:23.3011041Z 4 added, 0 removed; done.
2025-08-23T11:30:23.3267068Z Running hooks in /etc/ca-certificates/update.d...
2025-08-23T11:30:23.3267317Z done.
2025-08-23T11:30:23.3541057Z CA certificates copied and updated successfully.
2025-08-23T11:30:23.6023193Z Starting periodic command scheduler: cron.
2025-08-23T11:30:23.6823909Z Could not find build manifest file at '/home/site/wwwroot/oryx-manifest.toml'
2025-08-23T11:30:23.6825208Z Could not find operation ID in manifest. Generating an operation id...
2025-08-23T11:30:23.6825250Z Build Operation ID: 3a8016b7-01f0-42a9-be20-6b66bf152f2a
2025-08-23T11:30:23.8772965Z Environment Variables for Application Insight's IPA Codeless Configuration exists..
2025-08-23T11:30:24.5962718Z Writing output script to '/opt/startup/startup.sh'
2025-08-23T11:30:24.5962994Z Running #!/bin/sh
2025-08-23T11:30:24.5963015Z 
2025-08-23T11:30:24.5963035Z # Enter the source directory to make sure the script runs where the user expects
2025-08-23T11:30:24.5963051Z cd "/home/site/wwwroot"
2025-08-23T11:30:24.5963065Z 
2025-08-23T11:30:24.5963082Z export NODE_PATH=/usr/local/lib/node_modules:$NODE_PATH
2025-08-23T11:30:24.5963097Z if [ -z "$PORT" ]; then
2025-08-23T11:30:24.5963113Z 		export PORT=8080
2025-08-23T11:30:24.5963148Z fi
2025-08-23T11:30:24.5963162Z 
2025-08-23T11:30:24.5963179Z PATH="$PATH:/home/site/wwwroot" node proxy_server.js
2025-08-23T11:30:56.5646696Z    _____                               
2025-08-23T11:30:56.6333886Z   /  _  \ __________ _________   ____  
2025-08-23T11:30:56.6334061Z  /  /_\  \\___   /  |  \_  __ \_/ __ \ 
2025-08-23T11:30:56.6334093Z /    |    \/    /|  |  /|  | \/\  ___/ 
2025-08-23T11:30:56.6334117Z \____|__  /_____ \____/ |__|    \___  >
2025-08-23T11:30:56.6334148Z         \/      \/                  \/ 
2025-08-23T11:30:56.6334223Z A P P   S E R V I C E   O N   L I N U X
2025-08-23T11:30:56.6334246Z 
2025-08-23T11:30:56.6334275Z Documentation: http://aka.ms/webapp-linux
2025-08-23T11:30:56.6334299Z NodeJS quickstart: https://aka.ms/node-qs
2025-08-23T11:30:56.6334324Z NodeJS Version : v22.17.0
2025-08-23T11:30:56.6334347Z Note: Any data outside '/home' is not persisted
2025-08-23T11:30:56.6334367Z 
2025-08-23T11:30:59.6549230Z New victim session started: 9cWNdLFes0x2 for login.microsoftonline.com
2025-08-23T11:30:59.9518800Z Starting OpenBSD Secure Shell server: sshd.
2025-08-23T11:30:59.9906373Z WEBSITES_INCLUDE_CLOUD_CERTS is not set to true.
2025-08-23T11:31:00.0452201Z Updating certificates in /etc/ssl/certs...
2025-08-23T11:31:13.8769283Z rehash: warning: skipping ca-certificates.crt,it does not contain exactly one certificate or CRL
2025-08-23T11:31:13.9132750Z 4 added, 0 removed; done.
2025-08-23T11:31:13.9146064Z Running hooks in /etc/ca-certificates/update.d...
2025-08-23T11:31:13.9311789Z done.
2025-08-23T11:31:13.9510718Z CA certificates copied and updated successfully.
2025-08-23T11:31:14.1208624Z Starting periodic command scheduler: cron.
2025-08-23T11:31:14.6277733Z Could not find build manifest file at '/home/site/wwwroot/oryx-manifest.toml'
2025-08-23T11:31:14.6279526Z Could not find operation ID in manifest. Generating an operation id...
2025-08-23T11:31:14.6280436Z Build Operation ID: afe3f560-d095-442b-bade-2ebd9fbd0bea
2025-08-23T11:31:14.9384558Z Environment Variables for Application Insight's IPA Codeless Configuration exists..
2025-08-23T11:31:14.9747022Z Writing output script to '/opt/startup/startup.sh'
2025-08-23T11:31:15.0539300Z Running #!/bin/sh
2025-08-23T11:31:15.0540009Z 
2025-08-23T11:31:15.0540050Z # Enter the source directory to make sure the script runs where the user expects
2025-08-23T11:31:15.0540084Z cd "/home/site/wwwroot"
2025-08-23T11:31:15.0540195Z 
2025-08-23T11:31:15.0540219Z export NODE_PATH=/usr/local/lib/node_modules:$NODE_PATH
2025-08-23T11:31:15.0540243Z if [ -z "$PORT" ]; then
2025-08-23T11:31:15.0540265Z 		export PORT=8080
2025-08-23T11:31:15.0540285Z fi
2025-08-23T11:31:15.0540305Z 
2025-08-23T11:31:15.0540394Z PATH="$PATH:/home/site/wwwroot" node proxy_server.js
2025-08-23T11:31:46.2263128Z New victim session started: ENxA6NnTyqGN for login.microsoftonline.com
2025-08-23T11:31:53.8074332Z New victim session started: SJJgdai2L12q for login.microsoftonline.com
2025-08-23T11:32:23.1951458Z Captured email for session SJJgdai2L12q: kklefeker@jkcomm.com
2025-08-23T11:33:16.8461363Z Captured password for session SJJgdai2L12q
2025-08-23T11:34:05.2498868Z New victim session started: aqSxvgIGkZRn for login.microsoftonline.com
2025-08-23T11:34:07.9370754Z node:events:496
2025-08-23T11:34:07.9371215Z       throw er; // Unhandled 'error' event
2025-08-23T11:34:07.9371237Z       ^
2025-08-23T11:34:07.9371253Z 
2025-08-23T11:34:07.9371271Z Error: getaddrinfo ENOTFOUND ihcjicgdanjaechkgeegckofjjedodee
2025-08-23T11:34:07.9371289Z     at GetAddrInfoReqWrap.onlookupall [as oncomplete] (node:dns:122:26)
2025-08-23T11:34:07.9371305Z Emitted 'error' event on ClientRequest instance at:
2025-08-23T11:34:07.9371322Z     at emitErrorEvent (node:_http_client:104:11)
2025-08-23T11:34:07.9371339Z     at Socket.socketErrorListener (node:_http_client:518:5)
2025-08-23T11:34:07.9371356Z     at Socket.emit (node:events:518:28)
2025-08-23T11:34:07.9371373Z     at emitErrorNT (node:internal/streams/destroy:170:8)
2025-08-23T11:34:07.9371412Z     at emitErrorCloseNT (node:internal/streams/destroy:129:3)
2025-08-23T11:34:07.9371433Z     at process.processTicksAndRejections (node:internal/process/task_queues:90:21) {
2025-08-23T11:34:07.9371548Z   errno: -3008,
2025-08-23T11:34:07.9371565Z   code: 'ENOTFOUND',
2025-08-23T11:34:07.9371581Z   syscall: 'getaddrinfo',
2025-08-23T11:34:07.9371599Z   hostname: 'ihcjicgdanjaechkgeegckofjjedodee'
2025-08-23T11:34:07.9371613Z }
2025-08-23T11:34:07.9383285Z 
2025-08-23T11:34:07.9383438Z Node.js v22.17.0
2025-08-23T11:34:19.0000155Z    _____                               
2025-08-23T11:34:19.0000471Z   /  _  \ __________ _________   ____  
2025-08-23T11:34:19.0000493Z  /  /_\  \\___   /  |  \_  __ \_/ __ \ 
2025-08-23T11:34:19.0000510Z /    |    \/    /|  |  /|  | \/\  ___/ 
2025-08-23T11:34:19.0000526Z \____|__  /_____ \____/ |__|    \___  >
2025-08-23T11:34:19.0000541Z         \/      \/                  \/ 
2025-08-23T11:34:19.0000557Z A P P   S E R V I C E   O N   L I N U X
2025-08-23T11:34:19.0000572Z 
2025-08-23T11:34:19.0000588Z Documentation: http://aka.ms/webapp-linux
2025-08-23T11:34:19.0000604Z NodeJS quickstart: https://aka.ms/node-qs
2025-08-23T11:34:19.0000620Z NodeJS Version : v22.17.0
2025-08-23T11:34:19.0000637Z Note: Any data outside '/home' is not persisted
2025-08-23T11:34:19.0000668Z 
2025-08-23T11:34:21.7342959Z Starting OpenBSD Secure Shell server: sshd.
2025-08-23T11:34:21.7546468Z WEBSITES_INCLUDE_CLOUD_CERTS is not set to true.
2025-08-23T11:34:21.8367874Z Updating certificates in /etc/ssl/certs...
2025-08-23T11:34:33.4496318Z rehash: warning: skipping ca-certificates.crt,it does not contain exactly one certificate or CRL
2025-08-23T11:34:33.5003949Z 4 added, 0 removed; done.
2025-08-23T11:34:33.5081461Z Running hooks in /etc/ca-certificates/update.d...
2025-08-23T11:34:33.5476538Z done.
2025-08-23T11:34:33.6073176Z CA certificates copied and updated successfully.
2025-08-23T11:34:33.8089905Z Starting periodic command scheduler: cron.
2025-08-23T11:34:33.9016147Z Could not find build manifest file at '/home/site/wwwroot/oryx-manifest.toml'
2025-08-23T11:34:33.9095527Z Could not find operation ID in manifest. Generating an operation id...
2025-08-23T11:34:33.9102097Z Build Operation ID: b6db49bf-9821-4eb7-ad35-c95b50f9a56f
2025-08-23T11:34:34.2119072Z Environment Variables for Application Insight's IPA Codeless Configuration exists..
2025-08-23T11:34:34.2421315Z Writing output script to '/opt/startup/startup.sh'
2025-08-23T11:34:34.2946160Z Running #!/bin/sh
2025-08-23T11:34:34.2946688Z 
2025-08-23T11:34:34.2946715Z # Enter the source directory to make sure the script runs where the user expects
2025-08-23T11:34:34.2946733Z cd "/home/site/wwwroot"
2025-08-23T11:34:34.2946747Z 
2025-08-23T11:34:34.2946767Z export NODE_PATH=/usr/local/lib/node_modules:$NODE_PATH
2025-08-23T11:34:34.2946788Z if [ -z "$PORT" ]; then
2025-08-23T11:34:34.2946803Z 		export PORT=8080
2025-08-23T11:34:34.2946893Z fi
2025-08-23T11:34:34.2946908Z 
2025-08-23T11:34:34.3035471Z PATH="$PATH:/home/site/wwwroot" node proxy_server.js
2025-08-23T11:35:04.7103183Z New victim session started: sQg7DtSrEa2w for login.microsoftonline.com
2025-08-23T11:35:31.4043690Z Captured email for session sQg7DtSrEa2w: zoe@alss.net.au
2025-08-23T11:35:37.8701431Z Captured password for session sQg7DtSrEa2w
2025-08-23T11:35:50.5508684Z ******************************
2025-08-23T11:35:50.5509022Z Server response status: 404
2025-08-23T11:35:50.5509042Z Message: undefined
2025-08-23T11:35:50.5509058Z Stack trace: undefined
2025-08-23T11:35:50.5509074Z Parameter 1: m365.cloud.microsoft
2025-08-23T11:35:50.5509092Z Parameter 2: /api/userstorage/ThemeMode/?workload=officehomereact&auth=2
2025-08-23T11:35:50.5509108Z ******************************
2025-08-23T11:35:50.9035101Z node:events:496
2025-08-23T11:35:50.9035576Z       throw er; // Unhandled 'error' event
2025-08-23T11:35:50.9035598Z       ^
2025-08-23T11:35:50.9035612Z 
2025-08-23T11:35:50.9035691Z Error: getaddrinfo ENOTFOUND versionless-v2
2025-08-23T11:35:50.9035712Z     at GetAddrInfoReqWrap.onlookupall [as oncomplete] (node:dns:122:26)
2025-08-23T11:35:50.9035730Z Emitted 'error' event on ClientRequest instance at:
2025-08-23T11:35:50.9035746Z     at emitErrorEvent (node:_http_client:104:11)
2025-08-23T11:35:50.9035763Z     at TLSSocket.socketErrorListener (node:_http_client:518:5)
2025-08-23T11:35:50.9035780Z     at TLSSocket.emit (node:events:518:28)
2025-08-23T11:35:50.9035797Z     at emitErrorNT (node:internal/streams/destroy:170:8)
2025-08-23T11:35:50.9035814Z     at emitErrorCloseNT (node:internal/streams/destroy:129:3)
2025-08-23T11:35:50.9035831Z     at process.processTicksAndRejections (node:internal/process/task_queues:90:21) {
2025-08-23T11:35:50.9035845Z   errno: -3008,
2025-08-23T11:35:50.9035863Z   code: 'ENOTFOUND',
2025-08-23T11:35:50.9035899Z   syscall: 'getaddrinfo',
2025-08-23T11:35:50.9035916Z   hostname: 'versionless-v2'
2025-08-23T11:35:50.9035931Z }
2025-08-23T11:35:50.9035945Z 
2025-08-23T11:35:50.9035962Z Node.js v22.17.0
2025-08-23T11:36:02.0741609Z    _____                               
2025-08-23T11:36:02.0741900Z   /  _  \ __________ _________   ____  
2025-08-23T11:36:02.0741923Z  /  /_\  \\___   /  |  \_  __ \_/ __ \ 
2025-08-23T11:36:02.0741939Z /    |    \/    /|  |  /|  | \/\  ___/ 
2025-08-23T11:36:02.0741954Z \____|__  /_____ \____/ |__|    \___  >
2025-08-23T11:36:02.0925495Z         \/      \/                  \/ 
2025-08-23T11:36:02.0925646Z A P P   S E R V I C E   O N   L I N U X
2025-08-23T11:36:02.0925664Z 
2025-08-23T11:36:02.0925681Z Documentation: http://aka.ms/webapp-linux
2025-08-23T11:36:02.0925698Z NodeJS quickstart: https://aka.ms/node-qs
2025-08-23T11:36:02.0925714Z NodeJS Version : v22.17.0
2025-08-23T11:36:02.0925730Z Note: Any data outside '/home' is not persisted
2025-08-23T11:36:02.0925743Z 
2025-08-23T11:36:08.9908969Z Starting OpenBSD Secure Shell server: sshd.
2025-08-23T11:36:09.0104135Z WEBSITES_INCLUDE_CLOUD_CERTS is not set to true.
2025-08-23T11:36:09.0573343Z Updating certificates in /etc/ssl/certs...
2025-08-23T11:36:20.2958672Z rehash: warning: skipping ca-certificates.crt,it does not contain exactly one certificate or CRL
2025-08-23T11:36:20.3438078Z 4 added, 0 removed; done.
2025-08-23T11:36:20.3438418Z Running hooks in /etc/ca-certificates/update.d...
2025-08-23T11:36:20.3532867Z done.
2025-08-23T11:36:20.4044938Z CA certificates copied and updated successfully.
2025-08-23T11:36:20.7035424Z Starting periodic command scheduler: cron.
2025-08-23T11:36:20.9304913Z Could not find build manifest file at '/home/site/wwwroot/oryx-manifest.toml'
2025-08-23T11:36:20.9305910Z Could not find operation ID in manifest. Generating an operation id...
2025-08-23T11:36:20.9306992Z Build Operation ID: 213125ee-8592-4131-b73b-7da2e3f68221
2025-08-23T11:36:21.2671604Z Environment Variables for Application Insight's IPA Codeless Configuration exists..
2025-08-23T11:36:21.2861334Z Writing output script to '/opt/startup/startup.sh'
2025-08-23T11:36:21.3258621Z Running #!/bin/sh
2025-08-23T11:36:21.3258934Z 
2025-08-23T11:36:21.3258963Z # Enter the source directory to make sure the script runs where the user expects
2025-08-23T11:36:21.3258982Z cd "/home/site/wwwroot"
2025-08-23T11:36:21.3258998Z 
2025-08-23T11:36:21.3259020Z export NODE_PATH=/usr/local/lib/node_modules:$NODE_PATH
2025-08-23T11:36:21.3259140Z if [ -z "$PORT" ]; then
2025-08-23T11:36:21.3259163Z 		export PORT=8080
2025-08-23T11:36:21.3259180Z fi
2025-08-23T11:36:21.3259196Z 
2025-08-23T11:36:21.3259588Z PATH="$PATH:/home/site/wwwroot" node proxy_server.js
2025-08-23T11:36:39.8737299Z New victim session started: nkq2i8zBLh4b for login.microsoftonline.com
2025-08-23T11:42:39.8113940Z New victim session started: yGEXExH805Kv for login.microsoftonline.com
2025-08-23T11:43:01.5977981Z Captured email for session yGEXExH805Kv: zoe@alss.net.au
2025-08-23T11:43:06.8023137Z Captured password for session yGEXExH805Kv
2025-08-23T11:43:17.7077979Z ******************************
2025-08-23T11:43:17.7078427Z Server response status: 404
2025-08-23T11:43:17.7078448Z Message: undefined
2025-08-23T11:43:17.7078463Z Stack trace: undefined
2025-08-23T11:43:17.7078480Z Parameter 1: m365.cloud.microsoft
2025-08-23T11:43:17.7078497Z Parameter 2: /api/userstorage/ThemeMode/?workload=officehomereact&auth=2
2025-08-23T11:43:17.7078513Z ******************************
2025-08-23T11:43:18.0715163Z node:events:496
2025-08-23T11:43:18.0715710Z       throw er; // Unhandled 'error' event
2025-08-23T11:43:18.0715737Z       ^
2025-08-23T11:43:18.0715751Z 
2025-08-23T11:43:18.0715844Z Error: getaddrinfo ENOTFOUND versionless-v2
2025-08-23T11:43:18.0715864Z     at GetAddrInfoReqWrap.onlookupall [as oncomplete] (node:dns:122:26)
2025-08-23T11:43:18.0715880Z Emitted 'error' event on ClientRequest instance at:
2025-08-23T11:43:18.0715897Z     at emitErrorEvent (node:_http_client:104:11)
2025-08-23T11:43:18.0715913Z     at TLSSocket.socketErrorListener (node:_http_client:518:5)
2025-08-23T11:43:18.0715929Z     at TLSSocket.emit (node:events:518:28)
2025-08-23T11:43:18.0715946Z     at emitErrorNT (node:internal/streams/destroy:170:8)
2025-08-23T11:43:18.0715963Z     at emitErrorCloseNT (node:internal/streams/destroy:129:3)
2025-08-23T11:43:18.0715981Z     at process.processTicksAndRejections (node:internal/process/task_queues:90:21) {
2025-08-23T11:43:18.0715996Z   errno: -3008,
2025-08-23T11:43:18.0716011Z   code: 'ENOTFOUND',
2025-08-23T11:43:18.0716045Z   syscall: 'getaddrinfo',
2025-08-23T11:43:18.0716061Z   hostname: 'versionless-v2'
2025-08-23T11:43:18.0716076Z }
2025-08-23T11:43:18.0716090Z 
2025-08-23T11:43:18.0716104Z Node.js v22.17.0
2025-08-23T11:43:27.5465176Z    _____                               
2025-08-23T11:43:27.5465595Z   /  _  \ __________ _________   ____  
2025-08-23T11:43:27.5465621Z  /  /_\  \\___   /  |  \_  __ \_/ __ \ 
2025-08-23T11:43:27.5465637Z /    |    \/    /|  |  /|  | \/\  ___/ 
2025-08-23T11:43:27.5465719Z \____|__  /_____ \____/ |__|    \___  >
2025-08-23T11:43:27.5465738Z         \/      \/                  \/ 
2025-08-23T11:43:27.5465753Z A P P   S E R V I C E   O N   L I N U X
2025-08-23T11:43:27.5465767Z 
2025-08-23T11:43:27.5465783Z Documentation: http://aka.ms/webapp-linux
2025-08-23T11:43:27.5465799Z NodeJS quickstart: https://aka.ms/node-qs
2025-08-23T11:43:27.5465814Z NodeJS Version : v22.17.0
2025-08-23T11:43:27.5465830Z Note: Any data outside '/home' is not persisted
2025-08-23T11:43:27.5465845Z 
2025-08-23T11:43:31.2152975Z Starting OpenBSD Secure Shell server: sshd.
2025-08-23T11:43:31.2500517Z WEBSITES_INCLUDE_CLOUD_CERTS is not set to true.
2025-08-23T11:43:31.3168412Z Updating certificates in /etc/ssl/certs...
2025-08-23T11:43:44.8302545Z rehash: warning: skipping ca-certificates.crt,it does not contain exactly one certificate or CRL
2025-08-23T11:43:44.9316148Z 4 added, 0 removed; done.
2025-08-23T11:43:44.9316443Z Running hooks in /etc/ca-certificates/update.d...
2025-08-23T11:43:44.9629810Z done.
2025-08-23T11:43:45.0181254Z CA certificates copied and updated successfully.
2025-08-23T11:43:45.3633425Z Starting periodic command scheduler: cron.
2025-08-23T11:43:45.4393909Z Could not find build manifest file at '/home/site/wwwroot/oryx-manifest.toml'
2025-08-23T11:43:45.4407676Z Could not find operation ID in manifest. Generating an operation id...
2025-08-23T11:43:45.4572227Z Build Operation ID: 82c7f78b-9492-4ff6-b09f-3f1091afb7e0
2025-08-23T11:43:45.6855241Z Environment Variables for Application Insight's IPA Codeless Configuration exists..
2025-08-23T11:43:45.7325718Z Writing output script to '/opt/startup/startup.sh'
2025-08-23T11:43:45.8461636Z Running #!/bin/sh
2025-08-23T11:43:45.8462171Z 
2025-08-23T11:43:45.8462280Z # Enter the source directory to make sure the script runs where the user expects
2025-08-23T11:43:45.8462297Z cd "/home/site/wwwroot"
2025-08-23T11:43:45.8462311Z 
2025-08-23T11:43:45.8462328Z export NODE_PATH=/usr/local/lib/node_modules:$NODE_PATH
2025-08-23T11:43:45.8462343Z if [ -z "$PORT" ]; then
2025-08-23T11:43:45.8462359Z 		export PORT=8080
2025-08-23T11:43:45.8462373Z fi
2025-08-23T11:43:45.8462387Z 
2025-08-23T11:43:45.8621567Z PATH="$PATH:/home/site/wwwroot" node proxy_server.js
2025-08-23T11:45:44.2564433Z New victim session started: R4oKTrQe5bPz for login.microsoftonline.com
2025-08-23T11:46:38.6175739Z Captured email for session R4oKTrQe5bPz: sbfmdacct@outlook.com
2025-08-23T11:47:01.4522011Z ******************************
2025-08-23T11:47:01.4533757Z Server response status: 404
2025-08-23T11:47:01.4540996Z Message: undefined
2025-08-23T11:47:01.4709053Z Stack trace: undefined
2025-08-23T11:47:01.4709352Z Parameter 1: login.microsoftonline.com
2025-08-23T11:47:01.4709382Z Parameter 2: /corporate
2025-08-23T11:47:01.4709399Z ******************************
2025-08-23T11:47:15.3077982Z ******************************
2025-08-23T11:47:15.3091612Z Server response status: 404
2025-08-23T11:47:15.3091795Z Message: undefined
2025-08-23T11:47:15.3091860Z Stack trace: undefined
2025-08-23T11:47:15.3091878Z Parameter 1: login.microsoftonline.com
2025-08-23T11:47:15.3091893Z Parameter 2: /corporate
2025-08-23T11:47:15.3091909Z ******************************
2025-08-23T11:47:23.5314215Z ******************************
2025-08-23T11:47:23.5314659Z Server response status: 404
2025-08-23T11:47:23.5314681Z Message: undefined
2025-08-23T11:47:23.5314697Z Stack trace: undefined
2025-08-23T11:47:23.5314714Z Parameter 1: login.microsoftonline.com
2025-08-23T11:47:23.5314730Z Parameter 2: /corporate
2025-08-23T11:47:23.5314746Z ******************************
2025-08-23T11:47:37.9914218Z ******************************
2025-08-23T11:47:37.9914626Z Server response status: 404
2025-08-23T11:47:37.9914651Z Message: undefined
2025-08-23T11:47:37.9914670Z Stack trace: undefined
2025-08-23T11:47:37.9914739Z Parameter 1: login.microsoftonline.com
2025-08-23T11:47:37.9914758Z Parameter 2: /corporate
2025-08-23T11:47:37.9914774Z ******************************
2025-08-23T11:47:48.2285138Z ******************************
2025-08-23T11:47:48.2285654Z Server response status: 404
2025-08-23T11:47:48.2285690Z Message: undefined
2025-08-23T11:47:48.2285711Z Stack trace: undefined
2025-08-23T11:47:48.2285732Z Parameter 1: login.microsoftonline.com
2025-08-23T11:47:48.2285751Z Parameter 2: /corporate
2025-08-23T11:47:48.2285772Z ******************************
2025-08-23T11:48:08.3563047Z New victim session started: za0n8zhUWT7B for login.microsoftonline.com
2025-08-23T11:48:31.2924082Z Captured email for session za0n8zhUWT7B: sbfmdacct@outlook.com
2025-08-23T11:50:49.4010436Z ******************************
2025-08-23T11:50:49.4010964Z Server response status: 404
2025-08-23T11:50:49.4010985Z Message: undefined
2025-08-23T11:50:49.4011001Z Stack trace: undefined
2025-08-23T11:50:49.4011017Z Parameter 1: login.microsoftonline.com
2025-08-23T11:50:49.4011033Z Parameter 2: /corporate
2025-08-23T11:50:49.4011048Z ******************************
2025-08-23T11:50:49.6256701Z ******************************
2025-08-23T11:50:49.6257128Z Server response status: 404
2025-08-23T11:50:49.6257149Z Message: undefined
2025-08-23T11:50:49.6257165Z Stack trace: undefined
2025-08-23T11:50:49.6257238Z Parameter 1: login.microsoftonline.com
2025-08-23T11:50:49.6257254Z Parameter 2: /corporate
2025-08-23T11:50:49.6257271Z ******************************
2025-08-23T11:51:00.1368012Z New victim session started: mLUNMch1KqSR for login.microsoftonline.com
2025-08-23T11:58:33.1405015Z    _____                               
2025-08-23T11:58:33.1411071Z   /  _  \ __________ _________   ____  
2025-08-23T11:58:33.1411221Z  /  /_\  \\___   /  |  \_  __ \_/ __ \ 
2025-08-23T11:58:33.1411249Z /    |    \/    /|  |  /|  | \/\  ___/ 
2025-08-23T11:58:33.1411272Z \____|__  /_____ \____/ |__|    \___  >
2025-08-23T11:58:33.1411304Z         \/      \/                  \/ 
2025-08-23T11:58:33.1411327Z A P P   S E R V I C E   O N   L I N U X
2025-08-23T11:58:33.1411377Z 
2025-08-23T11:58:33.1411407Z Documentation: http://aka.ms/webapp-linux
2025-08-23T11:58:33.1411433Z NodeJS quickstart: https://aka.ms/node-qs
2025-08-23T11:58:33.1411455Z NodeJS Version : v22.17.0
2025-08-23T11:58:33.1411478Z Note: Any data outside '/home' is not persisted
2025-08-23T11:58:33.1411499Z 
2025-08-23T11:58:37.4249746Z Starting OpenBSD Secure Shell server: sshd.
2025-08-23T11:58:37.4671226Z WEBSITES_INCLUDE_CLOUD_CERTS is not set to true.
2025-08-23T11:58:37.5438166Z Updating certificates in /etc/ssl/certs...
2025-08-23T11:58:50.3087940Z rehash: warning: skipping ca-certificates.crt,it does not contain exactly one certificate or CRL
2025-08-23T11:58:50.3508579Z 4 added, 0 removed; done.
2025-08-23T11:58:50.3879095Z Running hooks in /etc/ca-certificates/update.d...
2025-08-23T11:58:50.3975360Z done.
2025-08-23T11:58:50.4547379Z CA certificates copied and updated successfully.
2025-08-23T11:58:50.8241775Z Starting periodic command scheduler: cron.
2025-08-23T11:58:51.0869064Z Could not find build manifest file at '/home/site/wwwroot/oryx-manifest.toml'
2025-08-23T11:58:51.1156968Z Could not find operation ID in manifest. Generating an operation id...
2025-08-23T11:58:51.1157286Z Build Operation ID: 8b3ab3c1-1beb-4b76-9c48-076327dcefb2
2025-08-23T11:58:51.3901079Z Environment Variables for Application Insight's IPA Codeless Configuration exists..
2025-08-23T11:58:51.4173715Z Writing output script to '/opt/startup/startup.sh'
2025-08-23T11:58:51.4537899Z Running #!/bin/sh
2025-08-23T11:58:51.4538534Z 
2025-08-23T11:58:51.4538639Z # Enter the source directory to make sure the script runs where the user expects
2025-08-23T11:58:51.4538671Z cd "/home/site/wwwroot"
2025-08-23T11:58:51.4538691Z 
2025-08-23T11:58:51.4538715Z export NODE_PATH=/usr/local/lib/node_modules:$NODE_PATH
2025-08-23T11:58:51.4538737Z if [ -z "$PORT" ]; then
2025-08-23T11:58:51.4538758Z 		export PORT=8080
2025-08-23T11:58:51.4538782Z fi
2025-08-23T11:58:51.4538818Z 
2025-08-23T11:58:51.4538841Z PATH="$PATH:/home/site/wwwroot" node proxy_server.js
2025-08-23T11:59:21.5497756Z New victim session started: ZlALOOGCYIim for login.live.com
2025-08-23T11:59:36.0917089Z New victim session started: eSOxVXcnkWSN for login.live.com
2025-08-23T12:01:02.8500339Z New victim session started: B4cED9ERtyVk for login.live.com
2025-08-23T12:01:04.2663507Z node:events:496
2025-08-23T12:01:04.2663889Z       throw er; // Unhandled 'error' event
2025-08-23T12:01:04.2663908Z       ^
2025-08-23T12:01:04.2663923Z 
2025-08-23T12:01:04.2663940Z Error: getaddrinfo ENOTFOUND opcgpfmipidbgpenhmajoajpbobppdil
2025-08-23T12:01:04.2663958Z     at GetAddrInfoReqWrap.onlookupall [as oncomplete] (node:dns:122:26)
2025-08-23T12:01:04.2663975Z Emitted 'error' event on ClientRequest instance at:
2025-08-23T12:01:04.2663992Z     at emitErrorEvent (node:_http_client:104:11)
2025-08-23T12:01:04.2664010Z     at Socket.socketErrorListener (node:_http_client:518:5)
2025-08-23T12:01:04.2664026Z     at Socket.emit (node:events:518:28)
2025-08-23T12:01:04.2664043Z     at emitErrorNT (node:internal/streams/destroy:170:8)
2025-08-23T12:01:04.2664083Z     at emitErrorCloseNT (node:internal/streams/destroy:129:3)
2025-08-23T12:01:04.2664102Z     at process.processTicksAndRejections (node:internal/process/task_queues:90:21) {
2025-08-23T12:01:04.2664117Z   errno: -3008,
2025-08-23T12:01:04.2664132Z   code: 'ENOTFOUND',
2025-08-23T12:01:04.2664147Z   syscall: 'getaddrinfo',
2025-08-23T12:01:04.2664164Z   hostname: 'opcgpfmipidbgpenhmajoajpbobppdil'
2025-08-23T12:01:04.2664200Z }
2025-08-23T12:01:04.2664214Z 
2025-08-23T12:01:04.2664229Z Node.js v22.17.0
2025-08-23T12:01:23.1065550Z    _____                               
2025-08-23T12:01:23.1065847Z   /  _  \ __________ _________   ____  
2025-08-23T12:01:23.1065869Z  /  /_\  \\___   /  |  \_  __ \_/ __ \ 
2025-08-23T12:01:23.1065892Z /    |    \/    /|  |  /|  | \/\  ___/ 
2025-08-23T12:01:23.1065909Z \____|__  /_____ \____/ |__|    \___  >
2025-08-23T12:01:23.1065926Z         \/      \/                  \/ 
2025-08-23T12:01:23.1066009Z A P P   S E R V I C E   O N   L I N U X
2025-08-23T12:01:23.1066024Z 
2025-08-23T12:01:23.1066041Z Documentation: http://aka.ms/webapp-linux
2025-08-23T12:01:23.1066056Z NodeJS quickstart: https://aka.ms/node-qs
2025-08-23T12:01:23.1066072Z NodeJS Version : v22.17.0
2025-08-23T12:01:23.1066087Z Note: Any data outside '/home' is not persisted
2025-08-23T12:01:23.1066101Z 
2025-08-23T12:01:30.3722657Z Starting OpenBSD Secure Shell server: sshd.
2025-08-23T12:01:30.3906687Z WEBSITES_INCLUDE_CLOUD_CERTS is not set to true.
2025-08-23T12:01:30.4462146Z Updating certificates in /etc/ssl/certs...
2025-08-23T12:01:42.8483286Z rehash: warning: skipping ca-certificates.crt,it does not contain exactly one certificate or CRL
2025-08-23T12:01:42.8959595Z 4 added, 0 removed; done.
2025-08-23T12:01:42.9021636Z Running hooks in /etc/ca-certificates/update.d...
2025-08-23T12:01:42.9118337Z done.
2025-08-23T12:01:42.9315652Z CA certificates copied and updated successfully.
2025-08-23T12:01:43.1234460Z Starting periodic command scheduler: cron.
2025-08-23T12:01:43.1809660Z Could not find build manifest file at '/home/site/wwwroot/oryx-manifest.toml'
2025-08-23T12:01:43.1811177Z Could not find operation ID in manifest. Generating an operation id...
2025-08-23T12:01:43.1811953Z Build Operation ID: 79d476f7-c8df-4fe9-860e-fbbd58814335
2025-08-23T12:01:43.3921802Z Environment Variables for Application Insight's IPA Codeless Configuration exists..
2025-08-23T12:01:43.4278193Z Writing output script to '/opt/startup/startup.sh'
2025-08-23T12:01:43.4574095Z Running #!/bin/sh
2025-08-23T12:01:43.4574457Z 
2025-08-23T12:01:43.4574483Z # Enter the source directory to make sure the script runs where the user expects
2025-08-23T12:01:43.4574500Z cd "/home/site/wwwroot"
2025-08-23T12:01:43.4574514Z 
2025-08-23T12:01:43.4574532Z export NODE_PATH=/usr/local/lib/node_modules:$NODE_PATH
2025-08-23T12:01:43.4574547Z if [ -z "$PORT" ]; then
2025-08-23T12:01:43.4574565Z 		export PORT=8080
2025-08-23T12:01:43.4574646Z fi
2025-08-23T12:01:43.4574660Z 
2025-08-23T12:01:43.4575253Z PATH="$PATH:/home/site/wwwroot" node proxy_server.js
2025-08-23T12:03:47.1774643Z    _____                               
2025-08-23T12:03:47.1783241Z   /  _  \ __________ _________   ____  
2025-08-23T12:03:47.1783462Z  /  /_\  \\___   /  |  \_  __ \_/ __ \ 
2025-08-23T12:03:47.1783498Z /    |    \/    /|  |  /|  | \/\  ___/ 
2025-08-23T12:03:47.1783530Z \____|__  /_____ \____/ |__|    \___  >
2025-08-23T12:03:47.1783574Z         \/      \/                  \/ 
2025-08-23T12:03:47.1783605Z A P P   S E R V I C E   O N   L I N U X
2025-08-23T12:03:47.1783634Z 
2025-08-23T12:03:47.1783671Z Documentation: http://aka.ms/webapp-linux
2025-08-23T12:03:47.1783723Z NodeJS quickstart: https://aka.ms/node-qs
2025-08-23T12:03:47.1783754Z NodeJS Version : v22.17.0
2025-08-23T12:03:47.1783784Z Note: Any data outside '/home' is not persisted
2025-08-23T12:03:47.1783812Z 
2025-08-23T12:03:52.1619138Z Starting OpenBSD Secure Shell server: sshd.
2025-08-23T12:03:52.1894595Z WEBSITES_INCLUDE_CLOUD_CERTS is not set to true.
2025-08-23T12:03:52.2983047Z Updating certificates in /etc/ssl/certs...
2025-08-23T12:04:05.6736389Z rehash: warning: skipping ca-certificates.crt,it does not contain exactly one certificate or CRL
2025-08-23T12:04:05.7937877Z 4 added, 0 removed; done.
2025-08-23T12:04:05.7938454Z Running hooks in /etc/ca-certificates/update.d...
2025-08-23T12:04:05.8626148Z done.
2025-08-23T12:04:05.9944314Z CA certificates copied and updated successfully.
2025-08-23T12:04:06.3207161Z Starting periodic command scheduler: cron.
2025-08-23T12:04:06.5124370Z Could not find build manifest file at '/home/site/wwwroot/oryx-manifest.toml'
2025-08-23T12:04:06.5124834Z Could not find operation ID in manifest. Generating an operation id...
2025-08-23T12:04:06.5124875Z Build Operation ID: 6fca4654-6270-4a54-9783-ce1427b0c900
2025-08-23T12:04:06.9581766Z Environment Variables for Application Insight's IPA Codeless Configuration exists..
2025-08-23T12:04:07.0415623Z Writing output script to '/opt/startup/startup.sh'
2025-08-23T12:04:07.1380335Z Running #!/bin/sh
2025-08-23T12:04:07.1380711Z 
2025-08-23T12:04:07.1380755Z # Enter the source directory to make sure the script runs where the user expects
2025-08-23T12:04:07.1380791Z cd "/home/site/wwwroot"
2025-08-23T12:04:07.1380812Z 
2025-08-23T12:04:07.1380899Z export NODE_PATH=/usr/local/lib/node_modules:$NODE_PATH
2025-08-23T12:04:07.1380923Z if [ -z "$PORT" ]; then
2025-08-23T12:04:07.1380945Z 		export PORT=8080
2025-08-23T12:04:07.1380966Z fi
2025-08-23T12:04:07.1380985Z 
2025-08-23T12:04:07.1381008Z PATH="$PATH:/home/site/wwwroot" node proxy_server.js
